2022-11-27 14:52:29,235 - INFO - naked : Asteroid processing service
2022-11-27 14:52:29,235 - INFO - naked : Loading configuration from file
2022-11-27 14:52:29,236 - INFO - naked : DONE
2022-11-27 14:52:29,243 - INFO - naked : Connecting to MySQL DB
2022-11-27 14:52:29,244 - INFO - naked : Connected to MySQL database. MySQL Server version on 5.5.5-10.3.37-MariaDB-0ubuntu0.20.04.1
2022-11-27 14:52:29,245 - DEBUG - naked : Your connected to - ('asteroids_s146',)
2022-11-27 14:52:29,246 - DEBUG - naked : Generated today's date: 2022-11-27
2022-11-27 14:52:29,246 - DEBUG - naked : Request url: https://api.nasa.gov/neo/rest/v1/feed?start_date=2022-11-27&end_date=2022-11-27&api_key=bPzDG1rTd8w3vvzXmzRfwDE3kngXhu9Hsvqq1Ntz
2022-11-27 14:52:30,141 - DEBUG - naked : Response status code: 200
2022-11-27 14:52:30,141 - DEBUG - naked : Response headers: {'Date': 'Sun, 27 Nov 2022 14:52:30 GMT', 'Content-Type': 'application/json', 'Transfer-Encoding': 'chunked', 'Connection': 'keep-alive', 'Access-Control-Allow-Headers': 'Origin, X-Requested-With, Content-Type, Accept', 'Access-Control-Allow-Methods': 'POST,GET', 'Access-Control-Allow-Origin': '*', 'Access-Control-Max-Age': '3600', 'Age': '1', 'Content-Encoding': 'gzip', 'Strict-Transport-Security': 'max-age=31536000; preload', 'Vary': 'Accept-Encoding', 'Via': '1.1 vegur, http/1.1 api-umbrella (ApacheTrafficServer [cMsSf ])', 'X-Cache': 'MISS', 'X-Content-Type-Options': 'nosniff', 'X-Ratelimit-Limit': '1000', 'X-Ratelimit-Remaining': '999', 'X-Vcap-Request-Id': 'f8bcc558-ce77-4817-7bf9-7fc06e898f32', 'X-Xss-Protection': '1; mode=block', 'X-Frame-Options': 'DENY'}
2022-11-27 14:52:30,142 - DEBUG - naked : Response content: {"links":{"next":"http://api.nasa.gov/neo/rest/v1/feed?start_date=2022-11-28&end_date=2022-11-28&detailed=false&api_key=bPzDG1rTd8w3vvzXmzRfwDE3kngXhu9Hsvqq1Ntz","prev":"http://api.nasa.gov/neo/rest/v1/feed?start_date=2022-11-26&end_date=2022-11-26&detailed=false&api_key=bPzDG1rTd8w3vvzXmzRfwDE3kngXhu9Hsvqq1Ntz","self":"http://api.nasa.gov/neo/rest/v1/feed?start_date=2022-11-27&end_date=2022-11-27&detailed=false&api_key=bPzDG1rTd8w3vvzXmzRfwDE3kngXhu9Hsvqq1Ntz"},"element_count":6,"near_earth_objects":{"2022-11-27":[{"links":{"self":"http://api.nasa.gov/neo/rest/v1/neo/2487580?api_key=bPzDG1rTd8w3vvzXmzRfwDE3kngXhu9Hsvqq1Ntz"},"id":"2487580","neo_reference_id":"2487580","name":"487580 (2015 BA92)","nasa_jpl_url":"http://ssd.jpl.nasa.gov/sbdb.cgi?sstr=2487580","absolute_magnitude_h":20.13,"estimated_diameter":{"kilometers":{"estimated_diameter_min":0.2503542548,"estimated_diameter_max":0.5598091321},"meters":{"estimated_diameter_min":250.3542547558,"estimated_diameter_max":559.8091320902},"miles":{"estimated_diameter_min":0.1555628736,"estimated_diameter_max":0.3478491602},"feet":{"estimated_diameter_min":821.3722531729,"estimated_diameter_max":1836.6441929268}},"is_potentially_hazardous_asteroid":false,"close_approach_data":[{"close_approach_date":"2022-11-27","close_approach_date_full":"2022-Nov-27 01:22","epoch_date_close_approach":1669512120000,"relative_velocity":{"kilometers_per_second":"27.0158314356","kilometers_per_hour":"97256.993168164","miles_per_hour":"60431.7133382961"},"miss_distance":{"astronomical":"0.3831029354","lunar":"149.0270418706","kilometers":"57311383.126587598","miles":"35611642.1410729324"},"orbiting_body":"Earth"}],"is_sentry_object":false},{"links":{"self":"http://api.nasa.gov/neo/rest/v1/neo/3695735?api_key=bPzDG1rTd8w3vvzXmzRfwDE3kngXhu9Hsvqq1Ntz"},"id":"3695735","neo_reference_id":"3695735","name":"(2014 UJ192)","nasa_jpl_url":"http://ssd.jpl.nasa.gov/sbdb.cgi?sstr=3695735","absolute_magnitude_h":21.91,"estimated_diameter":{"kilometers":{"estimated_diameter_min":0.1102947845,"estimated_diameter_max":0.2466266358},"meters":{"estimated_diameter_min":110.2947845322,"estimated_diameter_max":246.6266357777},"miles":{"estimated_diameter_min":0.0685339806,"estimated_diameter_max":0.1532466393},"feet":{"estimated_diameter_min":361.8595408847,"estimated_diameter_max":809.142531725}},"is_potentially_hazardous_asteroid":false,"close_approach_data":[{"close_approach_date":"2022-11-27","close_approach_date_full":"2022-Nov-27 09:03","epoch_date_close_approach":1669539780000,"relative_velocity":{"kilometers_per_second":"8.9706783675","kilometers_per_hour":"32294.4421231339","miles_per_hour":"20066.510440344"},"miss_distance":{"astronomical":"0.4195527731","lunar":"163.2060287359","kilometers":"62764201.208353297","miles":"38999866.1830456186"},"orbiting_body":"Earth"}],"is_sentry_object":false},{"links":{"self":"http://api.nasa.gov/neo/rest/v1/neo/3831464?api_key=bPzDG1rTd8w3vvzXmzRfwDE3kngXhu9Hsvqq1Ntz"},"id":"3831464","neo_reference_id":"3831464","name":"(2018 TP2)","nasa_jpl_url":"http://ssd.jpl.nasa.gov/sbdb.cgi?sstr=3831464","absolute_magnitude_h":23.0,"estimated_diameter":{"kilometers":{"estimated_diameter_min":0.0667659413,"estimated_diameter_max":0.1492931834},"meters":{"estimated_diameter_min":66.7659413495,"estimated_diameter_max":149.2931834393},"miles":{"estimated_diameter_min":0.0414864197,"estimated_diameter_max":0.0927664547},"feet":{"estimated_diameter_min":219.0483710172,"estimated_diameter_max":489.807047955}},"is_potentially_hazardous_asteroid":false,"close_approach_data":[{"close_approach_date":"2022-11-27","close_approach_date_full":"2022-Nov-27 16:14","epoch_date_close_approach":1669565640000,"relative_velocity":{"kilometers_per_second":"6.0726630907","kilometers_per_hour":"21861.5871266009","miles_per_hour":"13583.9400676371"},"miss_distance":{"astronomical":"0.1657211354","lunar":"64.4655216706","kilometers":"24791528.869821598","miles":"15404741.7123421324"},"orbiting_body":"Earth"}],"is_sentry_object":false},{"links":{"self":"http://api.nasa.gov/neo/rest/v1/neo/3888756?api_key=bPzDG1rTd8w3vvzXmzRfwDE3kngXhu9Hsvqq1Ntz"},"id":"3888756","neo_reference_id":"3888756","name":"(2019 UR12)","nasa_jpl_url":"http://ssd.jpl.nasa.gov/sbdb.cgi?sstr=3888756","absolute_magnitude_h":24.2,"estimated_diameter":{"kilometers":{"estimated_diameter_min":0.0384197891,"estimated_diameter_max":0.0859092601},"meters":{"estimated_diameter_min":38.4197891064,"estimated_diameter_max":85.9092601232},"miles":{"estimated_diameter_min":0.0238729428,"estimated_diameter_max":0.0533815229},"feet":{"estimated_diameter_min":126.0491808919,"estimated_diameter_max":281.8545369825}},"is_potentially_hazardous_asteroid":false,"close_approach_data":[{"close_approach_date":"2022-11-27","close_approach_date_full":"2022-Nov-27 11:06","epoch_date_close_approach":1669547160000,"relative_velocity":{"kilometers_per_second":"14.7311146213","kilometers_per_hour":"53032.0126365889","miles_per_hour":"32952.0302963294"},"miss_distance":{"astronomical":"0.3527653384","lunar":"137.2257166376","kilometers":"52772943.234469208","miles":"32791586.3598347504"},"orbiting_body":"Earth"}],"is_sentry_object":false},{"links":{"self":"http://api.nasa.gov/neo/rest/v1/neo/3892803?api_key=bPzDG1rTd8w3vvzXmzRfwDE3kngXhu9Hsvqq1Ntz"},"id":"3892803","neo_reference_id":"3892803","name":"(2019 VJ5)","nasa_jpl_url":"http://ssd.jpl.nasa.gov/sbdb.cgi?sstr=3892803","absolute_magnitude_h":25.0,"estimated_diameter":{"kilometers":{"estimated_diameter_min":0.02658,"estimated_diameter_max":0.0594346868},"meters":{"estimated_diameter_min":26.58,"estimated_diameter_max":59.4346868419},"miles":{"estimated_diameter_min":0.0165160412,"estimated_diameter_max":0.0369309908},"feet":{"estimated_diameter_min":87.2047272,"estimated_diameter_max":194.9956979785}},"is_potentially_hazardous_asteroid":false,"close_approach_data":[{"close_approach_date":"2022-11-27","close_approach_date_full":"2022-Nov-27 17:29","epoch_date_close_approach":1669570140000,"relative_velocity":{"kilometers_per_second":"19.4708640529","kilometers_per_hour":"70095.1105903482","miles_per_hour":"43554.375799875"},"miss_distance":{"astronomical":"0.3550465407","lunar":"138.1131043323","kilometers":"53114206.239588309","miles":"33003637.3582803042"},"orbiting_body":"Earth"}],"is_sentry_object":false},{"links":{"self":"http://api.nasa.gov/neo/rest/v1/neo/54017044?api_key=bPzDG1rTd8w3vvzXmzRfwDE3kngXhu9Hsvqq1Ntz"},"id":"54017044","neo_reference_id":"54017044","name":"(2020 KA)","nasa_jpl_url":"http://ssd.jpl.nasa.gov/sbdb.cgi?sstr=54017044","absolute_magnitude_h":27.5,"estimated_diameter":{"kilometers":{"estimated_diameter_min":0.008405334,"estimated_diameter_max":0.0187948982},"meters":{"estimated_diameter_min":8.4053340207,"estimated_diameter_max":18.7948982439},"miles":{"estimated_diameter_min":0.0052228308,"estimated_diameter_max":0.0116786047},"feet":{"estimated_diameter_min":27.5765560686,"estimated_diameter_max":61.6630539546}},"is_potentially_hazardous_asteroid":false,"close_approach_data":[{"close_approach_date":"2022-11-27","close_approach_date_full":"2022-Nov-27 19:41","epoch_date_close_approach":1669578060000,"relative_velocity":{"kilometers_per_second":"19.3922751261","kilometers_per_hour":"69812.1904539427","miles_per_hour":"43378.5802295624"},"miss_distance":{"astronomical":"0.4600723413","lunar":"178.9681407657","kilometers":"68825842.304393031","miles":"42766395.3038485878"},"orbiting_body":"Earth"}],"is_sentry_object":false}]}}
2022-11-27 14:52:30,142 - INFO - naked : Asteroid count today: 6
2022-11-27 14:52:30,143 - INFO - naked : ------------------------------------------------------- >>
2022-11-27 14:52:30,143 - INFO - naked : Asteroid name: 487580 (2015 BA92) | INFO: http://ssd.jpl.nasa.gov/sbdb.cgi?sstr=2487580 | Diameter: 0.25 - 0.56 km | Hazardous: False
2022-11-27 14:52:30,143 - INFO - naked : Close approach TS: 1669512120 | Date/time UTC TZ: 2022-11-27 01:22:00 | Local TZ: 2022-11-27 01:22:00
2022-11-27 14:52:30,143 - INFO - naked : Speed: 97256 km/h | MISS distance: 57311383.127 km
2022-11-27 14:52:30,143 - INFO - naked : ------------------------------------------------------- >>
2022-11-27 14:52:30,143 - INFO - naked : Asteroid name: (2014 UJ192) | INFO: http://ssd.jpl.nasa.gov/sbdb.cgi?sstr=3695735 | Diameter: 0.11 - 0.247 km | Hazardous: False
2022-11-27 14:52:30,143 - INFO - naked : Close approach TS: 1669539780 | Date/time UTC TZ: 2022-11-27 09:03:00 | Local TZ: 2022-11-27 09:03:00
2022-11-27 14:52:30,143 - INFO - naked : Speed: 32294 km/h | MISS distance: 62764201.208 km
2022-11-27 14:52:30,143 - INFO - naked : ------------------------------------------------------- >>
2022-11-27 14:52:30,143 - INFO - naked : Asteroid name: (2018 TP2) | INFO: http://ssd.jpl.nasa.gov/sbdb.cgi?sstr=3831464 | Diameter: 0.067 - 0.149 km | Hazardous: False
2022-11-27 14:52:30,143 - INFO - naked : Close approach TS: 1669565640 | Date/time UTC TZ: 2022-11-27 16:14:00 | Local TZ: 2022-11-27 16:14:00
2022-11-27 14:52:30,143 - INFO - naked : Speed: 21861 km/h | MISS distance: 24791528.87 km
2022-11-27 14:52:30,144 - INFO - naked : ------------------------------------------------------- >>
2022-11-27 14:52:30,144 - INFO - naked : Asteroid name: (2019 UR12) | INFO: http://ssd.jpl.nasa.gov/sbdb.cgi?sstr=3888756 | Diameter: 0.038 - 0.086 km | Hazardous: False
2022-11-27 14:52:30,144 - INFO - naked : Close approach TS: 1669547160 | Date/time UTC TZ: 2022-11-27 11:06:00 | Local TZ: 2022-11-27 11:06:00
2022-11-27 14:52:30,144 - INFO - naked : Speed: 53032 km/h | MISS distance: 52772943.234 km
2022-11-27 14:52:30,144 - INFO - naked : ------------------------------------------------------- >>
2022-11-27 14:52:30,144 - INFO - naked : Asteroid name: (2019 VJ5) | INFO: http://ssd.jpl.nasa.gov/sbdb.cgi?sstr=3892803 | Diameter: 0.027 - 0.059 km | Hazardous: False
2022-11-27 14:52:30,144 - INFO - naked : Close approach TS: 1669570140 | Date/time UTC TZ: 2022-11-27 17:29:00 | Local TZ: 2022-11-27 17:29:00
2022-11-27 14:52:30,144 - INFO - naked : Speed: 70095 km/h | MISS distance: 53114206.24 km
2022-11-27 14:52:30,144 - INFO - naked : ------------------------------------------------------- >>
2022-11-27 14:52:30,144 - INFO - naked : Asteroid name: (2020 KA) | INFO: http://ssd.jpl.nasa.gov/sbdb.cgi?sstr=54017044 | Diameter: 0.008 - 0.019 km | Hazardous: False
2022-11-27 14:52:30,144 - INFO - naked : Close approach TS: 1669578060 | Date/time UTC TZ: 2022-11-27 19:41:00 | Local TZ: 2022-11-27 19:41:00
2022-11-27 14:52:30,144 - INFO - naked : Speed: 69812 km/h | MISS distance: 68825842.304 km
2022-11-27 14:52:30,144 - INFO - naked : Hazardous asteorids: 0 | Safe asteroids: 6
2022-11-27 14:52:30,145 - INFO - naked : No asteroids close passing earth today
2022-11-27 14:52:30,147 - DEBUG - naked : Asteroid NOT in db
2022-11-27 14:52:30,217 - DEBUG - naked : Asteroid NOT in db
2022-11-27 14:52:30,263 - DEBUG - naked : Asteroid NOT in db
2022-11-27 14:52:30,600 - DEBUG - naked : Asteroid NOT in db
2022-11-27 14:52:30,973 - DEBUG - naked : Asteroid NOT in db
2022-11-27 14:52:31,051 - DEBUG - naked : Asteroid NOT in db
